<?xml version="1.0" encoding="UTF-8"?>
<!-- Generated by org.testng.reporters.JUnitReportReporter -->
<testsuite hostname="DESKTOP-BUO3JJE" name="com.training.sanity.tests.LoginTests" tests="6" failures="0" timestamp="27 Aug 2019 04:31:59 GMT" time="46.549" errors="0">
  <testcase name="verifyCourseDetails" time="10.192" classname="com.training.sanity.tests.LoginTests"/>
  <testcase name="closeBrowser" time="2.020" classname="com.training.sanity.tests.LoginTests"/>
  <testcase name="verifyUserMenuLinks" time="2.995" classname="com.training.sanity.tests.LoginTests"/>
  <testcase name="userLogout" time="6.989" classname="com.training.sanity.tests.LoginTests"/>
  <testcase name="validLoginTest" time="7.108" classname="com.training.sanity.tests.LoginTests"/>
  <testcase name="registerCourse" time="17.245" classname="com.training.sanity.tests.LoginTests"/>
</testsuite> <!-- com.training.sanity.tests.LoginTests -->
